<?xml version="1.0" encoding="UTF-8"?>
<testng-results ignored="0" total="2" passed="2" failed="0" skipped="0">
  <reporter-output>
  </reporter-output>
  <suite started-at="2021-11-16T01:39:05 IST" name="Suite" finished-at="2021-11-16T01:39:05 IST" duration-ms="69">
    <groups>
    </groups>
    <test started-at="2021-11-16T01:39:05 IST" name="ParallelTest1" finished-at="2021-11-16T01:39:05 IST" duration-ms="27">
      <class name="tyss123.Abc">
        <test-method signature="testCaseOne(java.lang.String)[pri:0, instance:tyss123.Abc@52102734]" started-at="2021-11-16T01:39:05 IST" name="testCaseOne" finished-at="2021-11-16T01:39:05 IST" duration-ms="5" status="PASS">
          <params>
            <param index="0">
              <value>
                <![CDATA[Chrome]]>
              </value>
            </param>
          </params>
          <reporter-output>
          </reporter-output>
        </test-method> <!-- testCaseOne -->
      </class> <!-- tyss123.Abc -->
    </test> <!-- ParallelTest1 -->
    <test started-at="2021-11-16T01:39:05 IST" name="ParallelTest" finished-at="2021-11-16T01:39:05 IST" duration-ms="3">
      <class name="tyss123.Abc">
        <test-method signature="testCaseOne(java.lang.String)[pri:0, instance:tyss123.Abc@793be5ca]" started-at="2021-11-16T01:39:05 IST" name="testCaseOne" finished-at="2021-11-16T01:39:05 IST" duration-ms="1" status="PASS">
          <params>
            <param index="0">
              <value>
                <![CDATA[Firefox]]>
              </value>
            </param>
          </params>
          <reporter-output>
          </reporter-output>
        </test-method> <!-- testCaseOne -->
      </class> <!-- tyss123.Abc -->
    </test> <!-- ParallelTest -->
  </suite> <!-- Suite -->
</testng-results>
